2010-11-05 12:35:05,459 INFO  [ForkJoinPool-1-worker-3] vvv.docreg.backend.Backend - Starting DocReg+Web v0.3.0 New Zealand Standard Time
2010-11-05 12:35:11,474 INFO  [1519652738@qtp-1629818866-0] net.liftweb.util.TimeHelpers - Service request (POST) /ajax_request/F562735504490FHM/ took 35 Milliseconds
2010-11-05 12:35:11,677 WARN  [1519652738@qtp-1629818866-0] net.liftweb.util.BindHelpers - No binding values match the <lift:bind> name attribute: topbar
2010-11-05 12:35:11,677 WARN  [1519652738@qtp-1629818866-0] net.liftweb.util.BindHelpers - No binding values match the <lift:bind> name attribute: sidebar
2010-11-05 12:35:11,746 INFO  [1519652738@qtp-1629818866-0] net.liftweb.util.TimeHelpers - Service request (GET) /user/signin took 261 Milliseconds
2010-11-05 12:35:11,786 INFO  [1519652738@qtp-1629818866-0] net.liftweb.util.TimeHelpers - Service request (GET) /ajax_request/liftAjax.js took 21 Milliseconds
2010-11-05 12:35:25,052 INFO  [ForkJoinPool-1-worker-0] vvv.docreg.backend.DocumentServer - 0027 revised
2010-11-05 12:35:25,059 INFO  [ForkJoinPool-1-worker-3] vvv.docreg.backend.DocumentServer - 0027 revised
2010-11-05 12:35:25,066 INFO  [ForkJoinPool-1-worker-0] vvv.docreg.backend.DocumentServer - 0027 revised
2010-11-05 12:35:25,069 INFO  [ForkJoinPool-1-worker-3] vvv.docreg.backend.DocumentServer - 0027 revised
2010-11-05 12:35:25,226 INFO  [ForkJoinPool-1-worker-2] vvv.docreg.backend.DocumentServer - 0028 added
2010-11-05 12:35:25,800 INFO  [ForkJoinPool-1-worker-3] vvv.docreg.backend.DocumentServer - 0029 added
2010-11-05 12:35:25,955 INFO  [ForkJoinPool-1-worker-0] vvv.docreg.backend.DocumentServer - 0030 added
2010-11-05 12:35:26,108 INFO  [ForkJoinPool-1-worker-1] vvv.docreg.backend.DocumentServer - 0031 added
2010-11-05 12:35:26,255 INFO  [ForkJoinPool-1-worker-0] vvv.docreg.backend.DocumentServer - 0032 added
2010-11-05 12:35:26,415 INFO  [ForkJoinPool-1-worker-2] vvv.docreg.backend.DocumentServer - 0033 added
2010-11-05 12:35:26,656 INFO  [ForkJoinPool-1-worker-1] vvv.docreg.backend.DocumentServer - 0034 added
2010-11-05 12:35:26,825 INFO  [ForkJoinPool-1-worker-0] vvv.docreg.backend.DocumentServer - 0035 added
2010-11-05 12:35:26,977 INFO  [ForkJoinPool-1-worker-3] vvv.docreg.backend.DocumentServer - 0036 added
2010-11-05 12:35:27,125 INFO  [ForkJoinPool-1-worker-0] vvv.docreg.backend.DocumentServer - 0037 added
2010-11-05 12:35:27,305 INFO  [ForkJoinPool-1-worker-0] vvv.docreg.backend.DocumentServer - 0038 added
2010-11-05 12:35:28,156 INFO  [ForkJoinPool-1-worker-1] vvv.docreg.backend.DocumentServer - 0039 added
2010-11-05 12:35:28,388 INFO  [ForkJoinPool-1-worker-0] vvv.docreg.backend.DocumentServer - 0040 added
2010-11-05 12:35:29,165 INFO  [ForkJoinPool-1-worker-2] vvv.docreg.backend.DocumentServer - 0041 added
2010-11-05 12:35:29,865 INFO  [ForkJoinPool-1-worker-0] vvv.docreg.backend.DocumentServer - 0042 added
2010-11-05 12:35:30,037 INFO  [ForkJoinPool-1-worker-2] vvv.docreg.backend.DocumentServer - 0043 added
2010-11-05 12:35:30,190 INFO  [ForkJoinPool-1-worker-0] vvv.docreg.backend.DocumentServer - 0044 added
2010-11-05 12:35:30,347 INFO  [ForkJoinPool-1-worker-1] vvv.docreg.backend.DocumentServer - 0045 added
2010-11-05 12:35:30,515 INFO  [ForkJoinPool-1-worker-0] vvv.docreg.backend.DocumentServer - 0046 added
2010-11-05 12:35:30,678 INFO  [ForkJoinPool-1-worker-3] vvv.docreg.backend.DocumentServer - 0047 added
2010-11-05 12:35:30,827 INFO  [ForkJoinPool-1-worker-1] vvv.docreg.backend.DocumentServer - 0048 added
2010-11-05 12:35:30,977 INFO  [ForkJoinPool-1-worker-2] vvv.docreg.backend.DocumentServer - 0049 added
2010-11-05 12:35:31,137 INFO  [ForkJoinPool-1-worker-1] vvv.docreg.backend.DocumentServer - 0050 added
2010-11-05 12:35:31,298 INFO  [ForkJoinPool-1-worker-3] vvv.docreg.backend.DocumentServer - 0051 added
2010-11-05 12:35:31,457 INFO  [ForkJoinPool-1-worker-1] vvv.docreg.backend.DocumentServer - 0052 added
2010-11-05 12:35:31,655 INFO  [ForkJoinPool-1-worker-0] vvv.docreg.backend.DocumentServer - 0053 added
2010-11-05 12:35:31,818 INFO  [ForkJoinPool-1-worker-2] vvv.docreg.backend.DocumentServer - 0054 added
2010-11-05 12:35:31,977 INFO  [ForkJoinPool-1-worker-3] vvv.docreg.backend.DocumentServer - 0055 added
2010-11-05 12:35:32,145 INFO  [ForkJoinPool-1-worker-3] vvv.docreg.backend.DocumentServer - 0056 added
2010-11-05 12:35:32,315 INFO  [ForkJoinPool-1-worker-2] vvv.docreg.backend.DocumentServer - 0057 added
2010-11-05 12:35:32,465 INFO  [ForkJoinPool-1-worker-0] vvv.docreg.backend.DocumentServer - 0058 added
2010-11-05 12:35:35,395 INFO  [main] net.liftweb.mapper.ProtoDBVendor - Closing all connections
2010-11-05 12:35:35,823 INFO  [main] net.liftweb.mapper.ProtoDBVendor - Closing all connections
2010-11-05 12:36:56,296 INFO  [ForkJoinPool-1-worker-2] vvv.docreg.backend.Backend - Starting DocReg+Web v0.3.0 New Zealand Standard Time
2010-11-05 12:36:56,919 INFO  [1635375188@qtp-1937516689-0] net.liftweb.util.TimeHelpers - Service request (POST) /ajax_request/F256164471396ZV0/ took 36 Milliseconds
2010-11-05 12:36:57,128 WARN  [1635375188@qtp-1937516689-0] net.liftweb.util.BindHelpers - No binding values match the <lift:bind> name attribute: topbar
2010-11-05 12:36:57,128 WARN  [1635375188@qtp-1937516689-0] net.liftweb.util.BindHelpers - No binding values match the <lift:bind> name attribute: sidebar
2010-11-05 12:36:57,195 INFO  [1635375188@qtp-1937516689-0] net.liftweb.util.TimeHelpers - Service request (GET) /user/signin took 262 Milliseconds
2010-11-05 12:36:57,253 INFO  [1635375188@qtp-1937516689-0] net.liftweb.util.TimeHelpers - Service request (GET) /ajax_request/liftAjax.js took 17 Milliseconds
2010-11-05 12:37:13,537 INFO  [ForkJoinPool-1-worker-1] vvv.docreg.backend.DocumentServer - 3035 added
2010-11-05 12:37:13,945 INFO  [ForkJoinPool-1-worker-1] vvv.docreg.backend.DocumentServer - 5399 added
2010-11-05 12:37:33,868 INFO  [main] net.liftweb.mapper.ProtoDBVendor - Closing all connections
2010-11-05 12:37:34,270 INFO  [main] net.liftweb.mapper.ProtoDBVendor - Closing all connections
2010-11-05 12:41:14,131 [INFO] CREATE TABLE users (id BIGINT NOT NULL AUTO_INCREMENT , name VARCHAR(64) , email VARCHAR(64)) 
2010-11-05 12:41:14,134 [INFO] ALTER TABLE users ADD CONSTRAINT users_PK PRIMARY KEY(id)
2010-11-05 12:41:14,140 [INFO] CREATE TABLE project (name VARCHAR(60) , id BIGINT NOT NULL AUTO_INCREMENT) 
2010-11-05 12:41:14,141 [INFO] ALTER TABLE project ADD CONSTRAINT project_PK PRIMARY KEY(id)
2010-11-05 12:41:14,153 [INFO] CREATE TABLE document (key_c VARCHAR(20) , project BIGINT , title VARCHAR(200) , id BIGINT NOT NULL AUTO_INCREMENT , editor VARCHAR(100)) 
2010-11-05 12:41:14,153 [INFO] ALTER TABLE document ADD CONSTRAINT document_PK PRIMARY KEY(id)
2010-11-05 12:41:14,162 [INFO] CREATE TABLE revision (version BIGINT , filename VARCHAR(200) , author VARCHAR(100) , date_c TIMESTAMP , comment_c LONGVARCHAR , id BIGINT NOT NULL AUTO_INCREMENT , document BIGINT) 
2010-11-05 12:41:14,163 [INFO] ALTER TABLE revision ADD CONSTRAINT revision_PK PRIMARY KEY(id)
2010-11-05 12:41:14,173 [INFO] CREATE TABLE approval (revision BIGINT , state BIGINT , by_c BIGINT , date_c TIMESTAMP , comment_c VARCHAR(128) , id BIGINT NOT NULL AUTO_INCREMENT) 
2010-11-05 12:41:14,173 [INFO] ALTER TABLE approval ADD CONSTRAINT approval_PK PRIMARY KEY(id)
2010-11-05 12:41:14,268 [INFO] CREATE UNIQUE INDEX users_email ON users ( email )
2010-11-05 12:41:14,272 [INFO] CREATE UNIQUE INDEX project_name ON project ( name )
2010-11-05 12:41:14,274 [INFO] CREATE INDEX document_project ON document ( project )
2010-11-05 12:41:14,274 [INFO] CREATE UNIQUE INDEX document_key_c ON document ( key_c )
2010-11-05 12:41:14,276 [INFO] CREATE INDEX revision_document ON revision ( document )
2010-11-05 12:41:14,276 [INFO] CREATE UNIQUE INDEX revision_document_version ON revision ( document, version )
2010-11-05 12:41:14,277 [INFO] CREATE INDEX approval_revision ON approval ( revision )
2010-11-05 12:41:14,278 [INFO] CREATE INDEX approval_by_c ON approval ( by_c )
2010-11-05 12:41:14,345 [INFO] Starting DocReg+Web v0.3.0 New Zealand Standard Time
2010-11-05 12:41:27,540 [INFO] Service request (POST) /ajax_request/F630610335473LD3/ took 34 Milliseconds
2010-11-05 12:41:27,762 [WARN] No binding values match the <lift:bind> name attribute: topbar
2010-11-05 12:41:27,763 [WARN] No binding values match the <lift:bind> name attribute: sidebar
2010-11-05 12:41:27,860 [INFO] Service request (GET) /user/signin took 303 Milliseconds
2010-11-05 12:41:27,921 [INFO] Service request (GET) /ajax_request/liftAjax.js took 17 Milliseconds
2010-11-05 12:41:28,548 [INFO] 0000 added
2010-11-05 12:41:28,707 [INFO] 0001 added
2010-11-05 12:41:30,425 [INFO] 0002 added
2010-11-05 12:41:30,915 [INFO] 0003 added
2010-11-05 12:41:31,160 [INFO] 0004 added
2010-11-05 12:41:31,278 [INFO] 0005 added
2010-11-05 12:41:31,605 [INFO] 0006 added
2010-11-05 12:41:31,827 [INFO] 0007 added
2010-11-05 12:41:31,987 [INFO] 0008 added
2010-11-05 12:41:32,468 [INFO] Closing all connections
2010-11-05 12:41:32,956 [INFO] Closing all connections
